<?xml version="1.0" encoding="UTF-8"?>
<!-- Generated by org.testng.reporters.JUnitReportReporter -->
<testsuite skipped="0" hostname="DESKTOP-JIPFL18" name="com.DriverFactory.java.Testefc" tests="1" failures="0" timestamp="2020-01-20T14:22:04 IST" time="638.816" errors="0">
  <testcase name="AppTest" time="638.816" classname="com.DriverFactory.java.Testefc"/>
</testsuite> <!-- com.DriverFactory.java.Testefc -->
