<?xml version="1.0" encoding="UTF-8"?>
<!-- Generated by org.testng.reporters.JUnitReportReporter -->
<testsuite skipped="0" hostname="DESKTOP-JIPFL18" name="com.DriverFactory.java.Testefc" tests="1" failures="0" timestamp="2019-12-27T14:43:05 IST" time="56.380" errors="0">
  <testcase name="AppTest" time="56.380" classname="com.DriverFactory.java.Testefc"/>
</testsuite> <!-- com.DriverFactory.java.Testefc -->
